1523320585.637514 client started (82451): version 2.6, socket /private/tmp/tmux-501/default, protocol 8
1523320585.637585 on Darwin 17.4.0 Darwin Kernel Version 17.4.0: Sun Dec 17 09:19:54 PST 2017; root:xnu-4570.41.2~1/RELEASE_X86_64; libevent 2.1.8-stable (select)
1523320585.637639 socket is /private/tmp/tmux-501/default
1523320585.637665 trying connect
1523320585.637766 add peer 0x7f8c25049c00: 6 (0x0)
1523320585.639613 sending message 100 to peer 0x7f8c25049c00 (4 bytes)
1523320585.639638 sending message 101 to peer 0x7f8c25049c00 (16 bytes)
1523320585.639649 sending message 102 to peer 0x7f8c25049c00 (13 bytes)
1523320585.639658 sending message 108 to peer 0x7f8c25049c00 (25 bytes)
1523320585.639677 sending message 104 to peer 0x7f8c25049c00 (0 bytes)
1523320585.639686 sending message 107 to peer 0x7f8c25049c00 (4 bytes)
1523320585.639695 sending message 105 to peer 0x7f8c25049c00 (76 bytes)
1523320585.639703 sending message 105 to peer 0x7f8c25049c00 (20 bytes)
1523320585.639711 sending message 105 to peer 0x7f8c25049c00 (17 bytes)
1523320585.639720 sending message 105 to peer 0x7f8c25049c00 (16 bytes)
1523320585.639728 sending message 105 to peer 0x7f8c25049c00 (42 bytes)
1523320585.639736 sending message 105 to peer 0x7f8c25049c00 (32 bytes)
1523320585.639745 sending message 105 to peer 0x7f8c25049c00 (188 bytes)
1523320585.639753 sending message 105 to peer 0x7f8c25049c00 (29 bytes)
1523320585.639761 sending message 105 to peer 0x7f8c25049c00 (15 bytes)
1523320585.639769 sending message 105 to peer 0x7f8c25049c00 (8 bytes)
1523320585.639778 sending message 105 to peer 0x7f8c25049c00 (66 bytes)
1523320585.639786 sending message 105 to peer 0x7f8c25049c00 (21 bytes)
1523320585.639806 sending message 105 to peer 0x7f8c25049c00 (28 bytes)
1523320585.639813 sending message 105 to peer 0x7f8c25049c00 (25 bytes)
1523320585.639821 sending message 105 to peer 0x7f8c25049c00 (53 bytes)
1523320585.639829 sending message 105 to peer 0x7f8c25049c00 (57 bytes)
1523320585.639837 sending message 105 to peer 0x7f8c25049c00 (43 bytes)
1523320585.639845 sending message 105 to peer 0x7f8c25049c00 (14 bytes)
1523320585.639852 sending message 105 to peer 0x7f8c25049c00 (55 bytes)
1523320585.639860 sending message 105 to peer 0x7f8c25049c00 (13 bytes)
1523320585.639868 sending message 105 to peer 0x7f8c25049c00 (14 bytes)
1523320585.639876 sending message 105 to peer 0x7f8c25049c00 (19 bytes)
1523320585.639884 sending message 105 to peer 0x7f8c25049c00 (84 bytes)
1523320585.639892 sending message 105 to peer 0x7f8c25049c00 (13 bytes)
1523320585.639902 sending message 105 to peer 0x7f8c25049c00 (22 bytes)
1523320585.639911 sending message 105 to peer 0x7f8c25049c00 (17 bytes)
1523320585.639918 sending message 105 to peer 0x7f8c25049c00 (15 bytes)
1523320585.639926 sending message 106 to peer 0x7f8c25049c00 (0 bytes)
1523320585.639937 sending message 200 to peer 0x7f8c25049c00 (4 bytes)
1523320585.639946 client loop enter
1523320585.640203 peer 0x7f8c25049c00 message 211
1523320585.640235 peer 0x7f8c25049c00 message 203
1523320585.640245 client loop exit
